2024-02-16T13:41:20.815+01:00  INFO 15724 --- [restartedMain] c.shopme.admin.ShopmeBackEndApplication  : Starting ShopmeBackEndApplication using Java 19.0.1 with PID 15724 (C:\Users\Othmanox\IdeaProjects\project2\ShopmeProject\ShopmeWebParent\ShopmeBackEnd\target\classes started by Othmanox in C:\Users\Othmanox\IdeaProjects\project2\ShopmeProject\ShopmeWebParent\ShopmeBackEnd)
2024-02-16T13:41:20.816+01:00  INFO 15724 --- [restartedMain] c.shopme.admin.ShopmeBackEndApplication  : No active profile set, falling back to 1 default profile: "default"
2024-02-16T13:41:20.860+01:00  INFO 15724 --- [restartedMain] .e.DevToolsPropertyDefaultsPostProcessor : Devtools property defaults active! Set 'spring.devtools.add-properties' to 'false' to disable
2024-02-16T13:41:20.860+01:00  INFO 15724 --- [restartedMain] .e.DevToolsPropertyDefaultsPostProcessor : For additional web related logging consider setting the 'logging.level.web' property to 'DEBUG'
2024-02-16T13:41:21.449+01:00  INFO 15724 --- [restartedMain] .s.d.r.c.RepositoryConfigurationDelegate : Bootstrapping Spring Data JPA repositories in DEFAULT mode.
2024-02-16T13:41:21.499+01:00  INFO 15724 --- [restartedMain] .s.d.r.c.RepositoryConfigurationDelegate : Finished Spring Data repository scanning in 44 ms. Found 2 JPA repository interfaces.
2024-02-16T13:41:22.022+01:00  INFO 15724 --- [restartedMain] o.s.b.w.embedded.tomcat.TomcatWebServer  : Tomcat initialized with port 8080 (http)
2024-02-16T13:41:22.030+01:00  INFO 15724 --- [restartedMain] o.apache.catalina.core.StandardService   : Starting service [Tomcat]
2024-02-16T13:41:22.031+01:00  INFO 15724 --- [restartedMain] o.apache.catalina.core.StandardEngine    : Starting Servlet engine: [Apache Tomcat/10.1.18]
2024-02-16T13:41:22.080+01:00  INFO 15724 --- [restartedMain] o.a.c.c.C.[.[localhost].[/ShopmeAdmin]   : Initializing Spring embedded WebApplicationContext
2024-02-16T13:41:22.081+01:00  INFO 15724 --- [restartedMain] w.s.c.ServletWebServerApplicationContext : Root WebApplicationContext: initialization completed in 1220 ms
2024-02-16T13:41:22.268+01:00  INFO 15724 --- [restartedMain] o.hibernate.jpa.internal.util.LogHelper  : HHH000204: Processing PersistenceUnitInfo [name: default]
2024-02-16T13:41:22.328+01:00  INFO 15724 --- [restartedMain] org.hibernate.Version                    : HHH000412: Hibernate ORM core version 6.4.1.Final
2024-02-16T13:41:22.358+01:00  INFO 15724 --- [restartedMain] o.h.c.internal.RegionFactoryInitiator    : HHH000026: Second-level cache disabled
2024-02-16T13:41:22.624+01:00  INFO 15724 --- [restartedMain] o.s.o.j.p.SpringPersistenceUnitInfo      : No LoadTimeWeaver setup: ignoring JPA class transformer
2024-02-16T13:41:22.659+01:00  INFO 15724 --- [restartedMain] com.zaxxer.hikari.HikariDataSource       : HikariPool-1 - Starting...
2024-02-16T13:41:23.000+01:00  INFO 15724 --- [restartedMain] com.zaxxer.hikari.pool.HikariPool        : HikariPool-1 - Added connection com.mysql.cj.jdbc.ConnectionImpl@3742db1a
2024-02-16T13:41:23.003+01:00  INFO 15724 --- [restartedMain] com.zaxxer.hikari.HikariDataSource       : HikariPool-1 - Start completed.
2024-02-16T13:41:24.427+01:00  INFO 15724 --- [restartedMain] o.h.e.t.j.p.i.JtaPlatformInitiator       : HHH000489: No JTA platform available (set 'hibernate.transaction.jta.platform' to enable JTA platform integration)
2024-02-16T13:41:24.509+01:00  INFO 15724 --- [restartedMain] j.LocalContainerEntityManagerFactoryBean : Initialized JPA EntityManagerFactory for persistence unit 'default'
2024-02-16T13:41:24.850+01:00  INFO 15724 --- [restartedMain] o.s.d.j.r.query.QueryEnhancerFactory     : Hibernate is in classpath; If applicable, HQL parser will be used.
2024-02-16T13:41:25.549+01:00  WARN 15724 --- [restartedMain] JpaBaseConfiguration$JpaWebConfiguration : spring.jpa.open-in-view is enabled by default. Therefore, database queries may be performed during view rendering. Explicitly configure spring.jpa.open-in-view to disable this warning
2024-02-16T13:41:25.661+01:00  INFO 15724 --- [restartedMain] o.s.b.a.w.s.WelcomePageHandlerMapping    : Adding welcome page template: index
2024-02-16T13:41:26.258+01:00  INFO 15724 --- [restartedMain] o.s.s.web.DefaultSecurityFilterChain     : Will secure any request with [org.springframework.security.web.session.DisableEncodeUrlFilter@21d09a03, org.springframework.security.web.context.request.async.WebAsyncManagerIntegrationFilter@1a78f044, org.springframework.security.web.context.SecurityContextHolderFilter@2e427c44, org.springframework.security.web.header.HeaderWriterFilter@227eed15, org.springframework.web.filter.CorsFilter@68c1e179, org.springframework.security.web.csrf.CsrfFilter@4962820f, org.springframework.security.web.authentication.logout.LogoutFilter@16a089ed, org.springframework.security.web.authentication.UsernamePasswordAuthenticationFilter@447ffd80, org.springframework.security.web.savedrequest.RequestCacheAwareFilter@6f1f26c7, org.springframework.security.web.servletapi.SecurityContextHolderAwareRequestFilter@7ff28a1, org.springframework.security.web.authentication.rememberme.RememberMeAuthenticationFilter@10818895, org.springframework.security.web.authentication.AnonymousAuthenticationFilter@741809d4, org.springframework.security.web.access.ExceptionTranslationFilter@1f1d9ff3, org.springframework.security.web.access.intercept.FilterSecurityInterceptor@6351f983]
2024-02-16T13:41:26.265+01:00  WARN 15724 --- [restartedMain] o.s.s.c.a.web.builders.WebSecurity       : You are asking Spring Security to ignore Mvc [pattern='/images/**']. This is not recommended -- please use permitAll via HttpSecurity#authorizeHttpRequests instead.
2024-02-16T13:41:26.265+01:00  INFO 15724 --- [restartedMain] o.s.s.web.DefaultSecurityFilterChain     : Will not secure Mvc [pattern='/images/**']
2024-02-16T13:41:26.266+01:00  WARN 15724 --- [restartedMain] o.s.s.c.a.web.builders.WebSecurity       : You are asking Spring Security to ignore Mvc [pattern='/js/**']. This is not recommended -- please use permitAll via HttpSecurity#authorizeHttpRequests instead.
2024-02-16T13:41:26.266+01:00  INFO 15724 --- [restartedMain] o.s.s.web.DefaultSecurityFilterChain     : Will not secure Mvc [pattern='/js/**']
2024-02-16T13:41:26.266+01:00  WARN 15724 --- [restartedMain] o.s.s.c.a.web.builders.WebSecurity       : You are asking Spring Security to ignore Mvc [pattern='/webjars/**']. This is not recommended -- please use permitAll via HttpSecurity#authorizeHttpRequests instead.
2024-02-16T13:41:26.266+01:00  INFO 15724 --- [restartedMain] o.s.s.web.DefaultSecurityFilterChain     : Will not secure Mvc [pattern='/webjars/**']
2024-02-16T13:41:26.583+01:00  INFO 15724 --- [restartedMain] o.s.b.d.a.OptionalLiveReloadServer       : LiveReload server is running on port 35729
2024-02-16T13:41:26.631+01:00  INFO 15724 --- [restartedMain] o.s.b.w.embedded.tomcat.TomcatWebServer  : Tomcat started on port 8080 (http) with context path '/ShopmeAdmin'
2024-02-16T13:41:26.644+01:00  INFO 15724 --- [restartedMain] c.shopme.admin.ShopmeBackEndApplication  : Started ShopmeBackEndApplication in 6.187 seconds (process running for 6.801)
2024-02-16T13:44:23.131+01:00  INFO 15724 --- [File Watcher] rtingClassPathChangeChangedEventListener : Restarting due to 1 class path change (0 additions, 0 deletions, 1 modification)
2024-02-16T13:44:23.147+01:00  INFO 15724 --- [Thread-5] j.LocalContainerEntityManagerFactoryBean : Closing JPA EntityManagerFactory for persistence unit 'default'
2024-02-16T13:44:23.149+01:00  INFO 15724 --- [Thread-5] com.zaxxer.hikari.HikariDataSource       : HikariPool-1 - Shutdown initiated...
2024-02-16T13:44:23.157+01:00  INFO 15724 --- [Thread-5] com.zaxxer.hikari.HikariDataSource       : HikariPool-1 - Shutdown completed.
2024-02-16T13:44:23.240+01:00  INFO 15724 --- [restartedMain] c.shopme.admin.ShopmeBackEndApplication  : Starting ShopmeBackEndApplication using Java 19.0.1 with PID 15724 (C:\Users\Othmanox\IdeaProjects\project2\ShopmeProject\ShopmeWebParent\ShopmeBackEnd\target\classes started by Othmanox in C:\Users\Othmanox\IdeaProjects\project2\ShopmeProject\ShopmeWebParent\ShopmeBackEnd)
2024-02-16T13:44:23.241+01:00  INFO 15724 --- [restartedMain] c.shopme.admin.ShopmeBackEndApplication  : No active profile set, falling back to 1 default profile: "default"
2024-02-16T13:44:23.510+01:00  INFO 15724 --- [restartedMain] .s.d.r.c.RepositoryConfigurationDelegate : Bootstrapping Spring Data JPA repositories in DEFAULT mode.
2024-02-16T13:44:23.527+01:00  INFO 15724 --- [restartedMain] .s.d.r.c.RepositoryConfigurationDelegate : Finished Spring Data repository scanning in 15 ms. Found 2 JPA repository interfaces.
2024-02-16T13:44:23.665+01:00  INFO 15724 --- [restartedMain] o.s.b.w.embedded.tomcat.TomcatWebServer  : Tomcat initialized with port 8080 (http)
2024-02-16T13:44:23.665+01:00  INFO 15724 --- [restartedMain] o.apache.catalina.core.StandardService   : Starting service [Tomcat]
2024-02-16T13:44:23.665+01:00  INFO 15724 --- [restartedMain] o.apache.catalina.core.StandardEngine    : Starting Servlet engine: [Apache Tomcat/10.1.18]
2024-02-16T13:44:23.685+01:00  INFO 15724 --- [restartedMain] o.a.c.c.C.[.[localhost].[/ShopmeAdmin]   : Initializing Spring embedded WebApplicationContext
2024-02-16T13:44:23.685+01:00  INFO 15724 --- [restartedMain] w.s.c.ServletWebServerApplicationContext : Root WebApplicationContext: initialization completed in 442 ms
2024-02-16T13:44:23.721+01:00  INFO 15724 --- [restartedMain] o.hibernate.jpa.internal.util.LogHelper  : HHH000204: Processing PersistenceUnitInfo [name: default]
2024-02-16T13:44:23.726+01:00  INFO 15724 --- [restartedMain] o.h.c.internal.RegionFactoryInitiator    : HHH000026: Second-level cache disabled
2024-02-16T13:44:23.731+01:00  INFO 15724 --- [restartedMain] o.s.o.j.p.SpringPersistenceUnitInfo      : No LoadTimeWeaver setup: ignoring JPA class transformer
2024-02-16T13:44:23.732+01:00  INFO 15724 --- [restartedMain] com.zaxxer.hikari.HikariDataSource       : HikariPool-2 - Starting...
2024-02-16T13:44:23.744+01:00  INFO 15724 --- [restartedMain] com.zaxxer.hikari.pool.HikariPool        : HikariPool-2 - Added connection com.mysql.cj.jdbc.ConnectionImpl@357639f0
2024-02-16T13:44:23.744+01:00  INFO 15724 --- [restartedMain] com.zaxxer.hikari.HikariDataSource       : HikariPool-2 - Start completed.
2024-02-16T13:44:23.803+01:00  INFO 15724 --- [restartedMain] o.h.e.t.j.p.i.JtaPlatformInitiator       : HHH000489: No JTA platform available (set 'hibernate.transaction.jta.platform' to enable JTA platform integration)
2024-02-16T13:44:23.817+01:00  INFO 15724 --- [restartedMain] j.LocalContainerEntityManagerFactoryBean : Initialized JPA EntityManagerFactory for persistence unit 'default'
2024-02-16T13:44:23.932+01:00  WARN 15724 --- [restartedMain] JpaBaseConfiguration$JpaWebConfiguration : spring.jpa.open-in-view is enabled by default. Therefore, database queries may be performed during view rendering. Explicitly configure spring.jpa.open-in-view to disable this warning
2024-02-16T13:44:23.948+01:00  INFO 15724 --- [restartedMain] o.s.b.a.w.s.WelcomePageHandlerMapping    : Adding welcome page template: index
2024-02-16T13:44:24.166+01:00  INFO 15724 --- [restartedMain] o.s.s.web.DefaultSecurityFilterChain     : Will secure any request with [org.springframework.security.web.session.DisableEncodeUrlFilter@63143e41, org.springframework.security.web.context.request.async.WebAsyncManagerIntegrationFilter@5db39c57, org.springframework.security.web.context.SecurityContextHolderFilter@22bb0391, org.springframework.security.web.header.HeaderWriterFilter@2cb0b97f, org.springframework.web.filter.CorsFilter@36e1c8cb, org.springframework.security.web.csrf.CsrfFilter@d3f17d, org.springframework.security.web.authentication.logout.LogoutFilter@175edb39, org.springframework.security.web.authentication.UsernamePasswordAuthenticationFilter@378b965c, org.springframework.security.web.savedrequest.RequestCacheAwareFilter@3d7c46a2, org.springframework.security.web.servletapi.SecurityContextHolderAwareRequestFilter@44d1d827, org.springframework.security.web.authentication.rememberme.RememberMeAuthenticationFilter@46a55793, org.springframework.security.web.authentication.AnonymousAuthenticationFilter@5a94084b, org.springframework.security.web.access.ExceptionTranslationFilter@227b65f7, org.springframework.security.web.access.intercept.FilterSecurityInterceptor@367afc3]
2024-02-16T13:44:24.169+01:00  WARN 15724 --- [restartedMain] o.s.s.c.a.web.builders.WebSecurity       : You are asking Spring Security to ignore Mvc [pattern='/images/**']. This is not recommended -- please use permitAll via HttpSecurity#authorizeHttpRequests instead.
2024-02-16T13:44:24.169+01:00  INFO 15724 --- [restartedMain] o.s.s.web.DefaultSecurityFilterChain     : Will not secure Mvc [pattern='/images/**']
2024-02-16T13:44:24.169+01:00  WARN 15724 --- [restartedMain] o.s.s.c.a.web.builders.WebSecurity       : You are asking Spring Security to ignore Mvc [pattern='/js/**']. This is not recommended -- please use permitAll via HttpSecurity#authorizeHttpRequests instead.
2024-02-16T13:44:24.169+01:00  INFO 15724 --- [restartedMain] o.s.s.web.DefaultSecurityFilterChain     : Will not secure Mvc [pattern='/js/**']
2024-02-16T13:44:24.169+01:00  WARN 15724 --- [restartedMain] o.s.s.c.a.web.builders.WebSecurity       : You are asking Spring Security to ignore Mvc [pattern='/webjars/**']. This is not recommended -- please use permitAll via HttpSecurity#authorizeHttpRequests instead.
2024-02-16T13:44:24.169+01:00  INFO 15724 --- [restartedMain] o.s.s.web.DefaultSecurityFilterChain     : Will not secure Mvc [pattern='/webjars/**']
2024-02-16T13:44:24.211+01:00  INFO 15724 --- [restartedMain] o.s.b.d.a.OptionalLiveReloadServer       : LiveReload server is running on port 35729
2024-02-16T13:44:24.222+01:00  INFO 15724 --- [restartedMain] o.s.b.w.embedded.tomcat.TomcatWebServer  : Tomcat started on port 8080 (http) with context path '/ShopmeAdmin'
2024-02-16T13:44:24.226+01:00  INFO 15724 --- [restartedMain] c.shopme.admin.ShopmeBackEndApplication  : Started ShopmeBackEndApplication in 1.014 seconds (process running for 184.383)
2024-02-16T13:44:24.227+01:00  INFO 15724 --- [restartedMain] .ConditionEvaluationDeltaLoggingListener : Condition evaluation unchanged
2024-02-16T13:45:28.346+01:00  INFO 15724 --- [File Watcher] rtingClassPathChangeChangedEventListener : Restarting due to 1 class path change (0 additions, 0 deletions, 1 modification)
2024-02-16T13:45:28.363+01:00  INFO 15724 --- [Thread-7] j.LocalContainerEntityManagerFactoryBean : Closing JPA EntityManagerFactory for persistence unit 'default'
2024-02-16T13:45:28.364+01:00  INFO 15724 --- [Thread-7] com.zaxxer.hikari.HikariDataSource       : HikariPool-2 - Shutdown initiated...
2024-02-16T13:45:28.372+01:00  INFO 15724 --- [Thread-7] com.zaxxer.hikari.HikariDataSource       : HikariPool-2 - Shutdown completed.
2024-02-16T13:45:28.506+01:00  INFO 15724 --- [restartedMain] c.shopme.admin.ShopmeBackEndApplication  : Starting ShopmeBackEndApplication using Java 19.0.1 with PID 15724 (C:\Users\Othmanox\IdeaProjects\project2\ShopmeProject\ShopmeWebParent\ShopmeBackEnd\target\classes started by Othmanox in C:\Users\Othmanox\IdeaProjects\project2\ShopmeProject\ShopmeWebParent\ShopmeBackEnd)
2024-02-16T13:45:28.506+01:00  INFO 15724 --- [restartedMain] c.shopme.admin.ShopmeBackEndApplication  : No active profile set, falling back to 1 default profile: "default"
2024-02-16T13:45:28.905+01:00  INFO 15724 --- [restartedMain] .s.d.r.c.RepositoryConfigurationDelegate : Bootstrapping Spring Data JPA repositories in DEFAULT mode.
2024-02-16T13:45:28.921+01:00  INFO 15724 --- [restartedMain] .s.d.r.c.RepositoryConfigurationDelegate : Finished Spring Data repository scanning in 16 ms. Found 2 JPA repository interfaces.
2024-02-16T13:45:29.100+01:00  INFO 15724 --- [restartedMain] o.s.b.w.embedded.tomcat.TomcatWebServer  : Tomcat initialized with port 8080 (http)
2024-02-16T13:45:29.101+01:00  INFO 15724 --- [restartedMain] o.apache.catalina.core.StandardService   : Starting service [Tomcat]
2024-02-16T13:45:29.102+01:00  INFO 15724 --- [restartedMain] o.apache.catalina.core.StandardEngine    : Starting Servlet engine: [Apache Tomcat/10.1.18]
2024-02-16T13:45:29.141+01:00  INFO 15724 --- [restartedMain] o.a.c.c.C.[.[localhost].[/ShopmeAdmin]   : Initializing Spring embedded WebApplicationContext
2024-02-16T13:45:29.141+01:00  INFO 15724 --- [restartedMain] w.s.c.ServletWebServerApplicationContext : Root WebApplicationContext: initialization completed in 631 ms
2024-02-16T13:45:29.198+01:00  INFO 15724 --- [restartedMain] o.hibernate.jpa.internal.util.LogHelper  : HHH000204: Processing PersistenceUnitInfo [name: default]
2024-02-16T13:45:29.218+01:00  INFO 15724 --- [restartedMain] o.h.c.internal.RegionFactoryInitiator    : HHH000026: Second-level cache disabled
2024-02-16T13:45:29.232+01:00  INFO 15724 --- [restartedMain] o.s.o.j.p.SpringPersistenceUnitInfo      : No LoadTimeWeaver setup: ignoring JPA class transformer
2024-02-16T13:45:29.235+01:00  INFO 15724 --- [restartedMain] com.zaxxer.hikari.HikariDataSource       : HikariPool-3 - Starting...
2024-02-16T13:45:29.260+01:00  INFO 15724 --- [restartedMain] com.zaxxer.hikari.pool.HikariPool        : HikariPool-3 - Added connection com.mysql.cj.jdbc.ConnectionImpl@213620bd
2024-02-16T13:45:29.261+01:00  INFO 15724 --- [restartedMain] com.zaxxer.hikari.HikariDataSource       : HikariPool-3 - Start completed.
2024-02-16T13:45:29.350+01:00  INFO 15724 --- [restartedMain] o.h.e.t.j.p.i.JtaPlatformInitiator       : HHH000489: No JTA platform available (set 'hibernate.transaction.jta.platform' to enable JTA platform integration)
2024-02-16T13:45:29.384+01:00  INFO 15724 --- [restartedMain] j.LocalContainerEntityManagerFactoryBean : Initialized JPA EntityManagerFactory for persistence unit 'default'
2024-02-16T13:45:29.588+01:00  WARN 15724 --- [restartedMain] JpaBaseConfiguration$JpaWebConfiguration : spring.jpa.open-in-view is enabled by default. Therefore, database queries may be performed during view rendering. Explicitly configure spring.jpa.open-in-view to disable this warning
2024-02-16T13:45:29.626+01:00  INFO 15724 --- [restartedMain] o.s.b.a.w.s.WelcomePageHandlerMapping    : Adding welcome page template: index
2024-02-16T13:45:30.055+01:00  INFO 15724 --- [restartedMain] o.s.s.web.DefaultSecurityFilterChain     : Will secure any request with [org.springframework.security.web.session.DisableEncodeUrlFilter@57dc5367, org.springframework.security.web.context.request.async.WebAsyncManagerIntegrationFilter@532dc1ab, org.springframework.security.web.context.SecurityContextHolderFilter@351b6cc6, org.springframework.security.web.header.HeaderWriterFilter@2789902f, org.springframework.web.filter.CorsFilter@4b56e526, org.springframework.security.web.csrf.CsrfFilter@22f1e8c6, org.springframework.security.web.authentication.logout.LogoutFilter@152e5afd, org.springframework.security.web.authentication.UsernamePasswordAuthenticationFilter@6fcef5b5, org.springframework.security.web.savedrequest.RequestCacheAwareFilter@1801157b, org.springframework.security.web.servletapi.SecurityContextHolderAwareRequestFilter@105e96cc, org.springframework.security.web.authentication.rememberme.RememberMeAuthenticationFilter@3cdc9961, org.springframework.security.web.authentication.AnonymousAuthenticationFilter@13997abc, org.springframework.security.web.access.ExceptionTranslationFilter@6eecd760, org.springframework.security.web.access.intercept.FilterSecurityInterceptor@7d9f2d4a]
2024-02-16T13:45:30.058+01:00  WARN 15724 --- [restartedMain] o.s.s.c.a.web.builders.WebSecurity       : You are asking Spring Security to ignore Mvc [pattern='/images/**']. This is not recommended -- please use permitAll via HttpSecurity#authorizeHttpRequests instead.
2024-02-16T13:45:30.058+01:00  INFO 15724 --- [restartedMain] o.s.s.web.DefaultSecurityFilterChain     : Will not secure Mvc [pattern='/images/**']
2024-02-16T13:45:30.059+01:00  WARN 15724 --- [restartedMain] o.s.s.c.a.web.builders.WebSecurity       : You are asking Spring Security to ignore Mvc [pattern='/js/**']. This is not recommended -- please use permitAll via HttpSecurity#authorizeHttpRequests instead.
2024-02-16T13:45:30.059+01:00  INFO 15724 --- [restartedMain] o.s.s.web.DefaultSecurityFilterChain     : Will not secure Mvc [pattern='/js/**']
2024-02-16T13:45:30.059+01:00  WARN 15724 --- [restartedMain] o.s.s.c.a.web.builders.WebSecurity       : You are asking Spring Security to ignore Mvc [pattern='/webjars/**']. This is not recommended -- please use permitAll via HttpSecurity#authorizeHttpRequests instead.
2024-02-16T13:45:30.059+01:00  INFO 15724 --- [restartedMain] o.s.s.web.DefaultSecurityFilterChain     : Will not secure Mvc [pattern='/webjars/**']
2024-02-16T13:45:30.146+01:00  INFO 15724 --- [restartedMain] o.s.b.d.a.OptionalLiveReloadServer       : LiveReload server is running on port 35729
2024-02-16T13:45:30.161+01:00  INFO 15724 --- [restartedMain] o.s.b.w.embedded.tomcat.TomcatWebServer  : Tomcat started on port 8080 (http) with context path '/ShopmeAdmin'
2024-02-16T13:45:30.168+01:00  INFO 15724 --- [restartedMain] c.shopme.admin.ShopmeBackEndApplication  : Started ShopmeBackEndApplication in 1.723 seconds (process running for 250.325)
2024-02-16T13:45:30.171+01:00  INFO 15724 --- [restartedMain] .ConditionEvaluationDeltaLoggingListener : Condition evaluation unchanged
2024-02-16T13:45:52.177+01:00  INFO 15724 --- [File Watcher] rtingClassPathChangeChangedEventListener : Restarting due to 1 class path change (0 additions, 0 deletions, 1 modification)
2024-02-16T13:45:52.189+01:00  INFO 15724 --- [Thread-11] j.LocalContainerEntityManagerFactoryBean : Closing JPA EntityManagerFactory for persistence unit 'default'
2024-02-16T13:45:52.190+01:00  INFO 15724 --- [Thread-11] com.zaxxer.hikari.HikariDataSource       : HikariPool-3 - Shutdown initiated...
2024-02-16T13:45:52.196+01:00  INFO 15724 --- [Thread-11] com.zaxxer.hikari.HikariDataSource       : HikariPool-3 - Shutdown completed.
2024-02-16T13:45:52.289+01:00  INFO 15724 --- [restartedMain] c.shopme.admin.ShopmeBackEndApplication  : Starting ShopmeBackEndApplication using Java 19.0.1 with PID 15724 (C:\Users\Othmanox\IdeaProjects\project2\ShopmeProject\ShopmeWebParent\ShopmeBackEnd\target\classes started by Othmanox in C:\Users\Othmanox\IdeaProjects\project2\ShopmeProject\ShopmeWebParent\ShopmeBackEnd)
2024-02-16T13:45:52.289+01:00  INFO 15724 --- [restartedMain] c.shopme.admin.ShopmeBackEndApplication  : No active profile set, falling back to 1 default profile: "default"
2024-02-16T13:45:52.555+01:00  INFO 15724 --- [restartedMain] .s.d.r.c.RepositoryConfigurationDelegate : Bootstrapping Spring Data JPA repositories in DEFAULT mode.
2024-02-16T13:45:52.567+01:00  INFO 15724 --- [restartedMain] .s.d.r.c.RepositoryConfigurationDelegate : Finished Spring Data repository scanning in 11 ms. Found 2 JPA repository interfaces.
2024-02-16T13:45:52.671+01:00  INFO 15724 --- [restartedMain] o.s.b.w.embedded.tomcat.TomcatWebServer  : Tomcat initialized with port 8080 (http)
2024-02-16T13:45:52.671+01:00  INFO 15724 --- [restartedMain] o.apache.catalina.core.StandardService   : Starting service [Tomcat]
2024-02-16T13:45:52.671+01:00  INFO 15724 --- [restartedMain] o.apache.catalina.core.StandardEngine    : Starting Servlet engine: [Apache Tomcat/10.1.18]
2024-02-16T13:45:52.696+01:00  INFO 15724 --- [restartedMain] o.a.c.c.C.[.[localhost].[/ShopmeAdmin]   : Initializing Spring embedded WebApplicationContext
2024-02-16T13:45:52.696+01:00  INFO 15724 --- [restartedMain] w.s.c.ServletWebServerApplicationContext : Root WebApplicationContext: initialization completed in 403 ms
2024-02-16T13:45:52.737+01:00  INFO 15724 --- [restartedMain] o.hibernate.jpa.internal.util.LogHelper  : HHH000204: Processing PersistenceUnitInfo [name: default]
2024-02-16T13:45:52.741+01:00  INFO 15724 --- [restartedMain] o.h.c.internal.RegionFactoryInitiator    : HHH000026: Second-level cache disabled
2024-02-16T13:45:52.747+01:00  INFO 15724 --- [restartedMain] o.s.o.j.p.SpringPersistenceUnitInfo      : No LoadTimeWeaver setup: ignoring JPA class transformer
2024-02-16T13:45:52.748+01:00  INFO 15724 --- [restartedMain] com.zaxxer.hikari.HikariDataSource       : HikariPool-4 - Starting...
2024-02-16T13:45:52.760+01:00  INFO 15724 --- [restartedMain] com.zaxxer.hikari.pool.HikariPool        : HikariPool-4 - Added connection com.mysql.cj.jdbc.ConnectionImpl@3b8c27d5
2024-02-16T13:45:52.761+01:00  INFO 15724 --- [restartedMain] com.zaxxer.hikari.HikariDataSource       : HikariPool-4 - Start completed.
2024-02-16T13:45:52.812+01:00  INFO 15724 --- [restartedMain] o.h.e.t.j.p.i.JtaPlatformInitiator       : HHH000489: No JTA platform available (set 'hibernate.transaction.jta.platform' to enable JTA platform integration)
2024-02-16T13:45:52.828+01:00  INFO 15724 --- [restartedMain] j.LocalContainerEntityManagerFactoryBean : Initialized JPA EntityManagerFactory for persistence unit 'default'
2024-02-16T13:45:52.923+01:00  WARN 15724 --- [restartedMain] JpaBaseConfiguration$JpaWebConfiguration : spring.jpa.open-in-view is enabled by default. Therefore, database queries may be performed during view rendering. Explicitly configure spring.jpa.open-in-view to disable this warning
2024-02-16T13:45:52.939+01:00  INFO 15724 --- [restartedMain] o.s.b.a.w.s.WelcomePageHandlerMapping    : Adding welcome page template: index
2024-02-16T13:45:53.198+01:00  INFO 15724 --- [restartedMain] o.s.s.web.DefaultSecurityFilterChain     : Will secure any request with [org.springframework.security.web.session.DisableEncodeUrlFilter@3acef781, org.springframework.security.web.context.request.async.WebAsyncManagerIntegrationFilter@56fe8e9e, org.springframework.security.web.context.SecurityContextHolderFilter@bf83687, org.springframework.security.web.header.HeaderWriterFilter@721938e2, org.springframework.web.filter.CorsFilter@6f8a1cc8, org.springframework.security.web.csrf.CsrfFilter@6cf5be70, org.springframework.security.web.authentication.logout.LogoutFilter@45d6ebe2, org.springframework.security.web.authentication.UsernamePasswordAuthenticationFilter@20e325cc, org.springframework.security.web.savedrequest.RequestCacheAwareFilter@4a3f0fb6, org.springframework.security.web.servletapi.SecurityContextHolderAwareRequestFilter@343548cd, org.springframework.security.web.authentication.rememberme.RememberMeAuthenticationFilter@1a8aa379, org.springframework.security.web.authentication.AnonymousAuthenticationFilter@20d4eb2b, org.springframework.security.web.access.ExceptionTranslationFilter@7e201a96, org.springframework.security.web.access.intercept.FilterSecurityInterceptor@30cb82e4]
2024-02-16T13:45:53.201+01:00  WARN 15724 --- [restartedMain] o.s.s.c.a.web.builders.WebSecurity       : You are asking Spring Security to ignore Mvc [pattern='/images/**']. This is not recommended -- please use permitAll via HttpSecurity#authorizeHttpRequests instead.
2024-02-16T13:45:53.201+01:00  INFO 15724 --- [restartedMain] o.s.s.web.DefaultSecurityFilterChain     : Will not secure Mvc [pattern='/images/**']
2024-02-16T13:45:53.201+01:00  WARN 15724 --- [restartedMain] o.s.s.c.a.web.builders.WebSecurity       : You are asking Spring Security to ignore Mvc [pattern='/js/**']. This is not recommended -- please use permitAll via HttpSecurity#authorizeHttpRequests instead.
2024-02-16T13:45:53.201+01:00  INFO 15724 --- [restartedMain] o.s.s.web.DefaultSecurityFilterChain     : Will not secure Mvc [pattern='/js/**']
2024-02-16T13:45:53.201+01:00  WARN 15724 --- [restartedMain] o.s.s.c.a.web.builders.WebSecurity       : You are asking Spring Security to ignore Mvc [pattern='/webjars/**']. This is not recommended -- please use permitAll via HttpSecurity#authorizeHttpRequests instead.
2024-02-16T13:45:53.201+01:00  INFO 15724 --- [restartedMain] o.s.s.web.DefaultSecurityFilterChain     : Will not secure Mvc [pattern='/webjars/**']
2024-02-16T13:45:53.258+01:00  INFO 15724 --- [restartedMain] o.s.b.d.a.OptionalLiveReloadServer       : LiveReload server is running on port 35729
2024-02-16T13:45:53.270+01:00  INFO 15724 --- [restartedMain] o.s.b.w.embedded.tomcat.TomcatWebServer  : Tomcat started on port 8080 (http) with context path '/ShopmeAdmin'
2024-02-16T13:45:53.276+01:00  INFO 15724 --- [restartedMain] c.shopme.admin.ShopmeBackEndApplication  : Started ShopmeBackEndApplication in 1.024 seconds (process running for 273.434)
2024-02-16T13:45:53.278+01:00  INFO 15724 --- [restartedMain] .ConditionEvaluationDeltaLoggingListener : Condition evaluation unchanged
2024-02-16T13:56:34.381+01:00  INFO 15724 --- [File Watcher] rtingClassPathChangeChangedEventListener : Restarting due to 1 class path change (0 additions, 0 deletions, 1 modification)
2024-02-16T13:56:34.390+01:00  INFO 15724 --- [Thread-15] j.LocalContainerEntityManagerFactoryBean : Closing JPA EntityManagerFactory for persistence unit 'default'
2024-02-16T13:56:34.391+01:00  INFO 15724 --- [Thread-15] com.zaxxer.hikari.HikariDataSource       : HikariPool-4 - Shutdown initiated...
2024-02-16T13:56:34.395+01:00  INFO 15724 --- [Thread-15] com.zaxxer.hikari.HikariDataSource       : HikariPool-4 - Shutdown completed.
2024-02-16T13:56:34.467+01:00  INFO 15724 --- [restartedMain] c.shopme.admin.ShopmeBackEndApplication  : Starting ShopmeBackEndApplication using Java 19.0.1 with PID 15724 (C:\Users\Othmanox\IdeaProjects\project2\ShopmeProject\ShopmeWebParent\ShopmeBackEnd\target\classes started by Othmanox in C:\Users\Othmanox\IdeaProjects\project2\ShopmeProject\ShopmeWebParent\ShopmeBackEnd)
2024-02-16T13:56:34.467+01:00  INFO 15724 --- [restartedMain] c.shopme.admin.ShopmeBackEndApplication  : No active profile set, falling back to 1 default profile: "default"
2024-02-16T13:56:34.654+01:00  INFO 15724 --- [restartedMain] .s.d.r.c.RepositoryConfigurationDelegate : Bootstrapping Spring Data JPA repositories in DEFAULT mode.
2024-02-16T13:56:34.663+01:00  INFO 15724 --- [restartedMain] .s.d.r.c.RepositoryConfigurationDelegate : Finished Spring Data repository scanning in 8 ms. Found 2 JPA repository interfaces.
2024-02-16T13:56:34.753+01:00  INFO 15724 --- [restartedMain] o.s.b.w.embedded.tomcat.TomcatWebServer  : Tomcat initialized with port 8080 (http)
2024-02-16T13:56:34.754+01:00  INFO 15724 --- [restartedMain] o.apache.catalina.core.StandardService   : Starting service [Tomcat]
2024-02-16T13:56:34.754+01:00  INFO 15724 --- [restartedMain] o.apache.catalina.core.StandardEngine    : Starting Servlet engine: [Apache Tomcat/10.1.18]
2024-02-16T13:56:34.771+01:00  INFO 15724 --- [restartedMain] o.a.c.c.C.[.[localhost].[/ShopmeAdmin]   : Initializing Spring embedded WebApplicationContext
2024-02-16T13:56:34.771+01:00  INFO 15724 --- [restartedMain] w.s.c.ServletWebServerApplicationContext : Root WebApplicationContext: initialization completed in 301 ms
2024-02-16T13:56:34.805+01:00  INFO 15724 --- [restartedMain] o.hibernate.jpa.internal.util.LogHelper  : HHH000204: Processing PersistenceUnitInfo [name: default]
2024-02-16T13:56:34.808+01:00  INFO 15724 --- [restartedMain] o.h.c.internal.RegionFactoryInitiator    : HHH000026: Second-level cache disabled
2024-02-16T13:56:34.812+01:00  INFO 15724 --- [restartedMain] o.s.o.j.p.SpringPersistenceUnitInfo      : No LoadTimeWeaver setup: ignoring JPA class transformer
2024-02-16T13:56:34.813+01:00  INFO 15724 --- [restartedMain] com.zaxxer.hikari.HikariDataSource       : HikariPool-5 - Starting...
2024-02-16T13:56:34.824+01:00  INFO 15724 --- [restartedMain] com.zaxxer.hikari.pool.HikariPool        : HikariPool-5 - Added connection com.mysql.cj.jdbc.ConnectionImpl@50f47e3f
2024-02-16T13:56:34.824+01:00  INFO 15724 --- [restartedMain] com.zaxxer.hikari.HikariDataSource       : HikariPool-5 - Start completed.
2024-02-16T13:56:34.858+01:00  INFO 15724 --- [restartedMain] o.h.e.t.j.p.i.JtaPlatformInitiator       : HHH000489: No JTA platform available (set 'hibernate.transaction.jta.platform' to enable JTA platform integration)
2024-02-16T13:56:34.871+01:00  INFO 15724 --- [restartedMain] j.LocalContainerEntityManagerFactoryBean : Initialized JPA EntityManagerFactory for persistence unit 'default'
2024-02-16T13:56:34.949+01:00  WARN 15724 --- [restartedMain] JpaBaseConfiguration$JpaWebConfiguration : spring.jpa.open-in-view is enabled by default. Therefore, database queries may be performed during view rendering. Explicitly configure spring.jpa.open-in-view to disable this warning
2024-02-16T13:56:34.964+01:00  INFO 15724 --- [restartedMain] o.s.b.a.w.s.WelcomePageHandlerMapping    : Adding welcome page template: index
2024-02-16T13:56:35.240+01:00  INFO 15724 --- [restartedMain] o.s.s.web.DefaultSecurityFilterChain     : Will secure any request with [org.springframework.security.web.session.DisableEncodeUrlFilter@1cf38af3, org.springframework.security.web.context.request.async.WebAsyncManagerIntegrationFilter@7f82b28d, org.springframework.security.web.context.SecurityContextHolderFilter@66b78c6e, org.springframework.security.web.header.HeaderWriterFilter@68c9242b, org.springframework.web.filter.CorsFilter@64315940, org.springframework.security.web.csrf.CsrfFilter@7324b2e0, org.springframework.security.web.authentication.logout.LogoutFilter@4eb9e3c8, org.springframework.security.web.authentication.UsernamePasswordAuthenticationFilter@458bc471, org.springframework.security.web.savedrequest.RequestCacheAwareFilter@30d281ea, org.springframework.security.web.servletapi.SecurityContextHolderAwareRequestFilter@11874a47, org.springframework.security.web.authentication.rememberme.RememberMeAuthenticationFilter@2e3396d0, org.springframework.security.web.authentication.AnonymousAuthenticationFilter@5606c600, org.springframework.security.web.access.ExceptionTranslationFilter@6738d99e, org.springframework.security.web.access.intercept.FilterSecurityInterceptor@1c61c9]
2024-02-16T13:56:35.246+01:00  WARN 15724 --- [restartedMain] o.s.s.c.a.web.builders.WebSecurity       : You are asking Spring Security to ignore Mvc [pattern='/images/**']. This is not recommended -- please use permitAll via HttpSecurity#authorizeHttpRequests instead.
2024-02-16T13:56:35.246+01:00  INFO 15724 --- [restartedMain] o.s.s.web.DefaultSecurityFilterChain     : Will not secure Mvc [pattern='/images/**']
2024-02-16T13:56:35.246+01:00  WARN 15724 --- [restartedMain] o.s.s.c.a.web.builders.WebSecurity       : You are asking Spring Security to ignore Mvc [pattern='/js/**']. This is not recommended -- please use permitAll via HttpSecurity#authorizeHttpRequests instead.
2024-02-16T13:56:35.246+01:00  INFO 15724 --- [restartedMain] o.s.s.web.DefaultSecurityFilterChain     : Will not secure Mvc [pattern='/js/**']
2024-02-16T13:56:35.246+01:00  WARN 15724 --- [restartedMain] o.s.s.c.a.web.builders.WebSecurity       : You are asking Spring Security to ignore Mvc [pattern='/webjars/**']. This is not recommended -- please use permitAll via HttpSecurity#authorizeHttpRequests instead.
2024-02-16T13:56:35.246+01:00  INFO 15724 --- [restartedMain] o.s.s.web.DefaultSecurityFilterChain     : Will not secure Mvc [pattern='/webjars/**']
2024-02-16T13:56:35.358+01:00  INFO 15724 --- [restartedMain] o.s.b.d.a.OptionalLiveReloadServer       : LiveReload server is running on port 35729
2024-02-16T13:56:35.376+01:00  INFO 15724 --- [restartedMain] o.s.b.w.embedded.tomcat.TomcatWebServer  : Tomcat started on port 8080 (http) with context path '/ShopmeAdmin'
2024-02-16T13:56:35.384+01:00  INFO 15724 --- [restartedMain] c.shopme.admin.ShopmeBackEndApplication  : Started ShopmeBackEndApplication in 0.942 seconds (process running for 915.541)
2024-02-16T13:56:35.386+01:00  INFO 15724 --- [restartedMain] .ConditionEvaluationDeltaLoggingListener : Condition evaluation unchanged
2024-02-16T13:57:06.527+01:00  INFO 15724 --- [File Watcher] rtingClassPathChangeChangedEventListener : Restarting due to 1 class path change (0 additions, 1 deletion, 0 modifications)
2024-02-16T13:57:06.539+01:00  INFO 15724 --- [Thread-19] j.LocalContainerEntityManagerFactoryBean : Closing JPA EntityManagerFactory for persistence unit 'default'
2024-02-16T13:57:06.540+01:00  INFO 15724 --- [Thread-19] com.zaxxer.hikari.HikariDataSource       : HikariPool-5 - Shutdown initiated...
2024-02-16T13:57:06.546+01:00  INFO 15724 --- [Thread-19] com.zaxxer.hikari.HikariDataSource       : HikariPool-5 - Shutdown completed.
2024-02-16T13:57:06.648+01:00  INFO 15724 --- [restartedMain] c.shopme.admin.ShopmeBackEndApplication  : Starting ShopmeBackEndApplication using Java 19.0.1 with PID 15724 (C:\Users\Othmanox\IdeaProjects\project2\ShopmeProject\ShopmeWebParent\ShopmeBackEnd\target\classes started by Othmanox in C:\Users\Othmanox\IdeaProjects\project2\ShopmeProject\ShopmeWebParent\ShopmeBackEnd)
2024-02-16T13:57:06.649+01:00  INFO 15724 --- [restartedMain] c.shopme.admin.ShopmeBackEndApplication  : No active profile set, falling back to 1 default profile: "default"
2024-02-16T13:57:07.041+01:00  INFO 15724 --- [restartedMain] .s.d.r.c.RepositoryConfigurationDelegate : Bootstrapping Spring Data JPA repositories in DEFAULT mode.
2024-02-16T13:57:07.075+01:00  INFO 15724 --- [restartedMain] .s.d.r.c.RepositoryConfigurationDelegate : Finished Spring Data repository scanning in 34 ms. Found 2 JPA repository interfaces.
2024-02-16T13:57:07.194+01:00  INFO 15724 --- [restartedMain] o.s.b.w.embedded.tomcat.TomcatWebServer  : Tomcat initialized with port 8080 (http)
2024-02-16T13:57:07.195+01:00  INFO 15724 --- [restartedMain] o.apache.catalina.core.StandardService   : Starting service [Tomcat]
2024-02-16T13:57:07.195+01:00  INFO 15724 --- [restartedMain] o.apache.catalina.core.StandardEngine    : Starting Servlet engine: [Apache Tomcat/10.1.18]
2024-02-16T13:57:07.223+01:00  INFO 15724 --- [restartedMain] o.a.c.c.C.[.[localhost].[/ShopmeAdmin]   : Initializing Spring embedded WebApplicationContext
2024-02-16T13:57:07.224+01:00  INFO 15724 --- [restartedMain] w.s.c.ServletWebServerApplicationContext : Root WebApplicationContext: initialization completed in 571 ms
2024-02-16T13:57:07.266+01:00  INFO 15724 --- [restartedMain] o.hibernate.jpa.internal.util.LogHelper  : HHH000204: Processing PersistenceUnitInfo [name: default]
2024-02-16T13:57:07.270+01:00  INFO 15724 --- [restartedMain] o.h.c.internal.RegionFactoryInitiator    : HHH000026: Second-level cache disabled
2024-02-16T13:57:07.277+01:00  INFO 15724 --- [restartedMain] o.s.o.j.p.SpringPersistenceUnitInfo      : No LoadTimeWeaver setup: ignoring JPA class transformer
2024-02-16T13:57:07.278+01:00  INFO 15724 --- [restartedMain] com.zaxxer.hikari.HikariDataSource       : HikariPool-6 - Starting...
2024-02-16T13:57:07.290+01:00  INFO 15724 --- [restartedMain] com.zaxxer.hikari.pool.HikariPool        : HikariPool-6 - Added connection com.mysql.cj.jdbc.ConnectionImpl@76895d86
2024-02-16T13:57:07.290+01:00  INFO 15724 --- [restartedMain] com.zaxxer.hikari.HikariDataSource       : HikariPool-6 - Start completed.
2024-02-16T13:57:07.345+01:00  INFO 15724 --- [restartedMain] o.h.e.t.j.p.i.JtaPlatformInitiator       : HHH000489: No JTA platform available (set 'hibernate.transaction.jta.platform' to enable JTA platform integration)
2024-02-16T13:57:07.362+01:00  INFO 15724 --- [restartedMain] j.LocalContainerEntityManagerFactoryBean : Initialized JPA EntityManagerFactory for persistence unit 'default'
2024-02-16T13:57:07.474+01:00  WARN 15724 --- [restartedMain] JpaBaseConfiguration$JpaWebConfiguration : spring.jpa.open-in-view is enabled by default. Therefore, database queries may be performed during view rendering. Explicitly configure spring.jpa.open-in-view to disable this warning
2024-02-16T13:57:07.497+01:00  INFO 15724 --- [restartedMain] o.s.b.a.w.s.WelcomePageHandlerMapping    : Adding welcome page template: index
2024-02-16T13:57:08.162+01:00  INFO 15724 --- [restartedMain] o.s.s.web.DefaultSecurityFilterChain     : Will secure any request with [org.springframework.security.web.session.DisableEncodeUrlFilter@58f0bfcf, org.springframework.security.web.context.request.async.WebAsyncManagerIntegrationFilter@7164ffbe, org.springframework.security.web.context.SecurityContextHolderFilter@778ce3f9, org.springframework.security.web.header.HeaderWriterFilter@d55328e, org.springframework.web.filter.CorsFilter@33c5d026, org.springframework.security.web.csrf.CsrfFilter@481f4805, org.springframework.security.web.authentication.logout.LogoutFilter@6543dc3c, org.springframework.security.web.authentication.UsernamePasswordAuthenticationFilter@45f0e266, org.springframework.security.web.savedrequest.RequestCacheAwareFilter@4561c26d, org.springframework.security.web.servletapi.SecurityContextHolderAwareRequestFilter@51a5e3be, org.springframework.security.web.authentication.rememberme.RememberMeAuthenticationFilter@2e73ca63, org.springframework.security.web.authentication.AnonymousAuthenticationFilter@3d534ef, org.springframework.security.web.access.ExceptionTranslationFilter@56184906, org.springframework.security.web.access.intercept.FilterSecurityInterceptor@64c9ae89]
2024-02-16T13:57:08.166+01:00  WARN 15724 --- [restartedMain] o.s.s.c.a.web.builders.WebSecurity       : You are asking Spring Security to ignore Mvc [pattern='/images/**']. This is not recommended -- please use permitAll via HttpSecurity#authorizeHttpRequests instead.
2024-02-16T13:57:08.166+01:00  INFO 15724 --- [restartedMain] o.s.s.web.DefaultSecurityFilterChain     : Will not secure Mvc [pattern='/images/**']
2024-02-16T13:57:08.166+01:00  WARN 15724 --- [restartedMain] o.s.s.c.a.web.builders.WebSecurity       : You are asking Spring Security to ignore Mvc [pattern='/js/**']. This is not recommended -- please use permitAll via HttpSecurity#authorizeHttpRequests instead.
2024-02-16T13:57:08.166+01:00  INFO 15724 --- [restartedMain] o.s.s.web.DefaultSecurityFilterChain     : Will not secure Mvc [pattern='/js/**']
2024-02-16T13:57:08.166+01:00  WARN 15724 --- [restartedMain] o.s.s.c.a.web.builders.WebSecurity       : You are asking Spring Security to ignore Mvc [pattern='/webjars/**']. This is not recommended -- please use permitAll via HttpSecurity#authorizeHttpRequests instead.
2024-02-16T13:57:08.166+01:00  INFO 15724 --- [restartedMain] o.s.s.web.DefaultSecurityFilterChain     : Will not secure Mvc [pattern='/webjars/**']
2024-02-16T13:57:08.278+01:00  INFO 15724 --- [restartedMain] o.s.b.d.a.OptionalLiveReloadServer       : LiveReload server is running on port 35729
2024-02-16T13:57:08.295+01:00  INFO 15724 --- [restartedMain] o.s.b.w.embedded.tomcat.TomcatWebServer  : Tomcat started on port 8080 (http) with context path '/ShopmeAdmin'
2024-02-16T13:57:08.306+01:00  INFO 15724 --- [restartedMain] c.shopme.admin.ShopmeBackEndApplication  : Started ShopmeBackEndApplication in 1.695 seconds (process running for 948.463)
2024-02-16T13:57:08.308+01:00  INFO 15724 --- [restartedMain] .ConditionEvaluationDeltaLoggingListener : Condition evaluation unchanged
2024-02-16T13:58:03.260+01:00  INFO 15724 --- [File Watcher] rtingClassPathChangeChangedEventListener : Restarting due to 1 class path change (1 addition, 0 deletions, 0 modifications)
2024-02-16T13:58:03.274+01:00  INFO 15724 --- [Thread-23] j.LocalContainerEntityManagerFactoryBean : Closing JPA EntityManagerFactory for persistence unit 'default'
2024-02-16T13:58:03.275+01:00  INFO 15724 --- [Thread-23] com.zaxxer.hikari.HikariDataSource       : HikariPool-6 - Shutdown initiated...
2024-02-16T13:58:03.280+01:00  INFO 15724 --- [Thread-23] com.zaxxer.hikari.HikariDataSource       : HikariPool-6 - Shutdown completed.
2024-02-16T13:58:03.396+01:00  INFO 15724 --- [restartedMain] c.shopme.admin.ShopmeBackEndApplication  : Starting ShopmeBackEndApplication using Java 19.0.1 with PID 15724 (C:\Users\Othmanox\IdeaProjects\project2\ShopmeProject\ShopmeWebParent\ShopmeBackEnd\target\classes started by Othmanox in C:\Users\Othmanox\IdeaProjects\project2\ShopmeProject\ShopmeWebParent\ShopmeBackEnd)
2024-02-16T13:58:03.397+01:00  INFO 15724 --- [restartedMain] c.shopme.admin.ShopmeBackEndApplication  : No active profile set, falling back to 1 default profile: "default"
2024-02-16T13:58:03.731+01:00  INFO 15724 --- [restartedMain] .s.d.r.c.RepositoryConfigurationDelegate : Bootstrapping Spring Data JPA repositories in DEFAULT mode.
2024-02-16T13:58:03.750+01:00  INFO 15724 --- [restartedMain] .s.d.r.c.RepositoryConfigurationDelegate : Finished Spring Data repository scanning in 18 ms. Found 2 JPA repository interfaces.
2024-02-16T13:58:03.911+01:00  INFO 15724 --- [restartedMain] o.s.b.w.embedded.tomcat.TomcatWebServer  : Tomcat initialized with port 8080 (http)
2024-02-16T13:58:03.912+01:00  INFO 15724 --- [restartedMain] o.apache.catalina.core.StandardService   : Starting service [Tomcat]
2024-02-16T13:58:03.912+01:00  INFO 15724 --- [restartedMain] o.apache.catalina.core.StandardEngine    : Starting Servlet engine: [Apache Tomcat/10.1.18]
2024-02-16T13:58:03.954+01:00  INFO 15724 --- [restartedMain] o.a.c.c.C.[.[localhost].[/ShopmeAdmin]   : Initializing Spring embedded WebApplicationContext
2024-02-16T13:58:03.954+01:00  INFO 15724 --- [restartedMain] w.s.c.ServletWebServerApplicationContext : Root WebApplicationContext: initialization completed in 554 ms
2024-02-16T13:58:04.027+01:00  INFO 15724 --- [restartedMain] o.hibernate.jpa.internal.util.LogHelper  : HHH000204: Processing PersistenceUnitInfo [name: default]
2024-02-16T13:58:04.033+01:00  INFO 15724 --- [restartedMain] o.h.c.internal.RegionFactoryInitiator    : HHH000026: Second-level cache disabled
2024-02-16T13:58:04.042+01:00  INFO 15724 --- [restartedMain] o.s.o.j.p.SpringPersistenceUnitInfo      : No LoadTimeWeaver setup: ignoring JPA class transformer
2024-02-16T13:58:04.043+01:00  INFO 15724 --- [restartedMain] com.zaxxer.hikari.HikariDataSource       : HikariPool-7 - Starting...
2024-02-16T13:58:04.062+01:00  INFO 15724 --- [restartedMain] com.zaxxer.hikari.pool.HikariPool        : HikariPool-7 - Added connection com.mysql.cj.jdbc.ConnectionImpl@746eb29e
2024-02-16T13:58:04.062+01:00  INFO 15724 --- [restartedMain] com.zaxxer.hikari.HikariDataSource       : HikariPool-7 - Start completed.
2024-02-16T13:58:04.140+01:00  INFO 15724 --- [restartedMain] o.h.e.t.j.p.i.JtaPlatformInitiator       : HHH000489: No JTA platform available (set 'hibernate.transaction.jta.platform' to enable JTA platform integration)
2024-02-16T13:58:04.166+01:00  INFO 15724 --- [restartedMain] j.LocalContainerEntityManagerFactoryBean : Initialized JPA EntityManagerFactory for persistence unit 'default'
2024-02-16T13:58:04.314+01:00  WARN 15724 --- [restartedMain] JpaBaseConfiguration$JpaWebConfiguration : spring.jpa.open-in-view is enabled by default. Therefore, database queries may be performed during view rendering. Explicitly configure spring.jpa.open-in-view to disable this warning
2024-02-16T13:58:04.340+01:00  INFO 15724 --- [restartedMain] o.s.b.a.w.s.WelcomePageHandlerMapping    : Adding welcome page template: index
2024-02-16T13:58:04.696+01:00  INFO 15724 --- [restartedMain] o.s.s.web.DefaultSecurityFilterChain     : Will secure any request with [org.springframework.security.web.session.DisableEncodeUrlFilter@8f32097, org.springframework.security.web.context.request.async.WebAsyncManagerIntegrationFilter@7bbebe55, org.springframework.security.web.context.SecurityContextHolderFilter@1c5affd0, org.springframework.security.web.header.HeaderWriterFilter@313a9f2b, org.springframework.web.filter.CorsFilter@3857fbfa, org.springframework.security.web.csrf.CsrfFilter@62feff9d, org.springframework.security.web.authentication.logout.LogoutFilter@1957c4bb, org.springframework.security.web.authentication.UsernamePasswordAuthenticationFilter@3aaf30a8, org.springframework.security.web.savedrequest.RequestCacheAwareFilter@94de9d1, org.springframework.security.web.servletapi.SecurityContextHolderAwareRequestFilter@379e174c, org.springframework.security.web.authentication.rememberme.RememberMeAuthenticationFilter@74eda974, org.springframework.security.web.authentication.AnonymousAuthenticationFilter@2168538d, org.springframework.security.web.access.ExceptionTranslationFilter@7ff822a6, org.springframework.security.web.access.intercept.FilterSecurityInterceptor@5df5d96d]
2024-02-16T13:58:04.700+01:00  WARN 15724 --- [restartedMain] o.s.s.c.a.web.builders.WebSecurity       : You are asking Spring Security to ignore Mvc [pattern='/images/**']. This is not recommended -- please use permitAll via HttpSecurity#authorizeHttpRequests instead.
2024-02-16T13:58:04.700+01:00  INFO 15724 --- [restartedMain] o.s.s.web.DefaultSecurityFilterChain     : Will not secure Mvc [pattern='/images/**']
2024-02-16T13:58:04.700+01:00  WARN 15724 --- [restartedMain] o.s.s.c.a.web.builders.WebSecurity       : You are asking Spring Security to ignore Mvc [pattern='/js/**']. This is not recommended -- please use permitAll via HttpSecurity#authorizeHttpRequests instead.
2024-02-16T13:58:04.700+01:00  INFO 15724 --- [restartedMain] o.s.s.web.DefaultSecurityFilterChain     : Will not secure Mvc [pattern='/js/**']
2024-02-16T13:58:04.700+01:00  WARN 15724 --- [restartedMain] o.s.s.c.a.web.builders.WebSecurity       : You are asking Spring Security to ignore Mvc [pattern='/webjars/**']. This is not recommended -- please use permitAll via HttpSecurity#authorizeHttpRequests instead.
2024-02-16T13:58:04.700+01:00  INFO 15724 --- [restartedMain] o.s.s.web.DefaultSecurityFilterChain     : Will not secure Mvc [pattern='/webjars/**']
2024-02-16T13:58:04.784+01:00  INFO 15724 --- [restartedMain] o.s.b.d.a.OptionalLiveReloadServer       : LiveReload server is running on port 35729
2024-02-16T13:58:04.801+01:00  INFO 15724 --- [restartedMain] o.s.b.w.embedded.tomcat.TomcatWebServer  : Tomcat started on port 8080 (http) with context path '/ShopmeAdmin'
2024-02-16T13:58:04.810+01:00  INFO 15724 --- [restartedMain] c.shopme.admin.ShopmeBackEndApplication  : Started ShopmeBackEndApplication in 1.46 seconds (process running for 1004.967)
2024-02-16T13:58:04.812+01:00  INFO 15724 --- [restartedMain] .ConditionEvaluationDeltaLoggingListener : Condition evaluation unchanged
2024-02-16T13:59:47.778+01:00  INFO 15724 --- [File Watcher] rtingClassPathChangeChangedEventListener : Restarting due to 1 class path change (0 additions, 1 deletion, 0 modifications)
2024-02-16T13:59:47.793+01:00  INFO 15724 --- [Thread-27] j.LocalContainerEntityManagerFactoryBean : Closing JPA EntityManagerFactory for persistence unit 'default'
2024-02-16T13:59:47.793+01:00  INFO 15724 --- [Thread-27] com.zaxxer.hikari.HikariDataSource       : HikariPool-7 - Shutdown initiated...
2024-02-16T13:59:47.799+01:00  INFO 15724 --- [Thread-27] com.zaxxer.hikari.HikariDataSource       : HikariPool-7 - Shutdown completed.
2024-02-16T13:59:47.915+01:00  INFO 15724 --- [restartedMain] c.shopme.admin.ShopmeBackEndApplication  : Starting ShopmeBackEndApplication using Java 19.0.1 with PID 15724 (C:\Users\Othmanox\IdeaProjects\project2\ShopmeProject\ShopmeWebParent\ShopmeBackEnd\target\classes started by Othmanox in C:\Users\Othmanox\IdeaProjects\project2\ShopmeProject\ShopmeWebParent\ShopmeBackEnd)
2024-02-16T13:59:47.915+01:00  INFO 15724 --- [restartedMain] c.shopme.admin.ShopmeBackEndApplication  : No active profile set, falling back to 1 default profile: "default"
2024-02-16T13:59:48.284+01:00  INFO 15724 --- [restartedMain] .s.d.r.c.RepositoryConfigurationDelegate : Bootstrapping Spring Data JPA repositories in DEFAULT mode.
2024-02-16T13:59:48.321+01:00  INFO 15724 --- [restartedMain] .s.d.r.c.RepositoryConfigurationDelegate : Finished Spring Data repository scanning in 36 ms. Found 2 JPA repository interfaces.
2024-02-16T13:59:48.513+01:00  INFO 15724 --- [restartedMain] o.s.b.w.embedded.tomcat.TomcatWebServer  : Tomcat initialized with port 8080 (http)
2024-02-16T13:59:48.513+01:00  INFO 15724 --- [restartedMain] o.apache.catalina.core.StandardService   : Starting service [Tomcat]
2024-02-16T13:59:48.513+01:00  INFO 15724 --- [restartedMain] o.apache.catalina.core.StandardEngine    : Starting Servlet engine: [Apache Tomcat/10.1.18]
2024-02-16T13:59:48.551+01:00  INFO 15724 --- [restartedMain] o.a.c.c.C.[.[localhost].[/ShopmeAdmin]   : Initializing Spring embedded WebApplicationContext
2024-02-16T13:59:48.551+01:00  INFO 15724 --- [restartedMain] w.s.c.ServletWebServerApplicationContext : Root WebApplicationContext: initialization completed in 631 ms
2024-02-16T13:59:48.606+01:00  INFO 15724 --- [restartedMain] o.hibernate.jpa.internal.util.LogHelper  : HHH000204: Processing PersistenceUnitInfo [name: default]
2024-02-16T13:59:48.612+01:00  INFO 15724 --- [restartedMain] o.h.c.internal.RegionFactoryInitiator    : HHH000026: Second-level cache disabled
2024-02-16T13:59:48.620+01:00  INFO 15724 --- [restartedMain] o.s.o.j.p.SpringPersistenceUnitInfo      : No LoadTimeWeaver setup: ignoring JPA class transformer
2024-02-16T13:59:48.623+01:00  INFO 15724 --- [restartedMain] com.zaxxer.hikari.HikariDataSource       : HikariPool-8 - Starting...
2024-02-16T13:59:48.641+01:00  INFO 15724 --- [restartedMain] com.zaxxer.hikari.pool.HikariPool        : HikariPool-8 - Added connection com.mysql.cj.jdbc.ConnectionImpl@7678133d
2024-02-16T13:59:48.641+01:00  INFO 15724 --- [restartedMain] com.zaxxer.hikari.HikariDataSource       : HikariPool-8 - Start completed.
2024-02-16T13:59:48.718+01:00  INFO 15724 --- [restartedMain] o.h.e.t.j.p.i.JtaPlatformInitiator       : HHH000489: No JTA platform available (set 'hibernate.transaction.jta.platform' to enable JTA platform integration)
2024-02-16T13:59:48.749+01:00  INFO 15724 --- [restartedMain] j.LocalContainerEntityManagerFactoryBean : Initialized JPA EntityManagerFactory for persistence unit 'default'
2024-02-16T13:59:48.879+01:00  WARN 15724 --- [restartedMain] JpaBaseConfiguration$JpaWebConfiguration : spring.jpa.open-in-view is enabled by default. Therefore, database queries may be performed during view rendering. Explicitly configure spring.jpa.open-in-view to disable this warning
2024-02-16T13:59:48.898+01:00  INFO 15724 --- [restartedMain] o.s.b.a.w.s.WelcomePageHandlerMapping    : Adding welcome page template: index
2024-02-16T13:59:49.242+01:00  INFO 15724 --- [restartedMain] o.s.s.web.DefaultSecurityFilterChain     : Will secure any request with [org.springframework.security.web.session.DisableEncodeUrlFilter@10d5735a, org.springframework.security.web.context.request.async.WebAsyncManagerIntegrationFilter@7acc7ac6, org.springframework.security.web.context.SecurityContextHolderFilter@5093f51d, org.springframework.security.web.header.HeaderWriterFilter@50f2b75a, org.springframework.web.filter.CorsFilter@7a7ccec, org.springframework.security.web.csrf.CsrfFilter@4f1fc9fd, org.springframework.security.web.authentication.logout.LogoutFilter@87fb81c, org.springframework.security.web.authentication.UsernamePasswordAuthenticationFilter@1f6c5f4c, org.springframework.security.web.savedrequest.RequestCacheAwareFilter@61f29ed3, org.springframework.security.web.servletapi.SecurityContextHolderAwareRequestFilter@286a990, org.springframework.security.web.authentication.rememberme.RememberMeAuthenticationFilter@55f9d72c, org.springframework.security.web.authentication.AnonymousAuthenticationFilter@1c7c3b83, org.springframework.security.web.access.ExceptionTranslationFilter@6e31b4c1, org.springframework.security.web.access.intercept.FilterSecurityInterceptor@6ab0087e]
2024-02-16T13:59:49.244+01:00  WARN 15724 --- [restartedMain] o.s.s.c.a.web.builders.WebSecurity       : You are asking Spring Security to ignore Mvc [pattern='/images/**']. This is not recommended -- please use permitAll via HttpSecurity#authorizeHttpRequests instead.
2024-02-16T13:59:49.245+01:00  INFO 15724 --- [restartedMain] o.s.s.web.DefaultSecurityFilterChain     : Will not secure Mvc [pattern='/images/**']
2024-02-16T13:59:49.245+01:00  WARN 15724 --- [restartedMain] o.s.s.c.a.web.builders.WebSecurity       : You are asking Spring Security to ignore Mvc [pattern='/js/**']. This is not recommended -- please use permitAll via HttpSecurity#authorizeHttpRequests instead.
2024-02-16T13:59:49.245+01:00  INFO 15724 --- [restartedMain] o.s.s.web.DefaultSecurityFilterChain     : Will not secure Mvc [pattern='/js/**']
2024-02-16T13:59:49.245+01:00  WARN 15724 --- [restartedMain] o.s.s.c.a.web.builders.WebSecurity       : You are asking Spring Security to ignore Mvc [pattern='/webjars/**']. This is not recommended -- please use permitAll via HttpSecurity#authorizeHttpRequests instead.
2024-02-16T13:59:49.245+01:00  INFO 15724 --- [restartedMain] o.s.s.web.DefaultSecurityFilterChain     : Will not secure Mvc [pattern='/webjars/**']
2024-02-16T13:59:49.320+01:00  INFO 15724 --- [restartedMain] o.s.b.d.a.OptionalLiveReloadServer       : LiveReload server is running on port 35729
2024-02-16T13:59:49.342+01:00  INFO 15724 --- [restartedMain] o.s.b.w.embedded.tomcat.TomcatWebServer  : Tomcat started on port 8080 (http) with context path '/ShopmeAdmin'
2024-02-16T13:59:49.352+01:00  INFO 15724 --- [restartedMain] c.shopme.admin.ShopmeBackEndApplication  : Started ShopmeBackEndApplication in 1.485 seconds (process running for 1109.51)
2024-02-16T13:59:49.354+01:00  INFO 15724 --- [restartedMain] .ConditionEvaluationDeltaLoggingListener : Condition evaluation unchanged
2024-02-16T13:59:50.767+01:00  INFO 15724 --- [File Watcher] rtingClassPathChangeChangedEventListener : Restarting due to 1 class path change (1 addition, 0 deletions, 0 modifications)
2024-02-16T13:59:50.781+01:00  INFO 15724 --- [Thread-31] j.LocalContainerEntityManagerFactoryBean : Closing JPA EntityManagerFactory for persistence unit 'default'
2024-02-16T13:59:50.781+01:00  INFO 15724 --- [Thread-31] com.zaxxer.hikari.HikariDataSource       : HikariPool-8 - Shutdown initiated...
2024-02-16T13:59:50.785+01:00  INFO 15724 --- [Thread-31] com.zaxxer.hikari.HikariDataSource       : HikariPool-8 - Shutdown completed.
2024-02-16T13:59:50.881+01:00  INFO 15724 --- [restartedMain] c.shopme.admin.ShopmeBackEndApplication  : Starting ShopmeBackEndApplication using Java 19.0.1 with PID 15724 (C:\Users\Othmanox\IdeaProjects\project2\ShopmeProject\ShopmeWebParent\ShopmeBackEnd\target\classes started by Othmanox in C:\Users\Othmanox\IdeaProjects\project2\ShopmeProject\ShopmeWebParent\ShopmeBackEnd)
2024-02-16T13:59:50.881+01:00  INFO 15724 --- [restartedMain] c.shopme.admin.ShopmeBackEndApplication  : No active profile set, falling back to 1 default profile: "default"
2024-02-16T13:59:51.121+01:00  INFO 15724 --- [restartedMain] .s.d.r.c.RepositoryConfigurationDelegate : Bootstrapping Spring Data JPA repositories in DEFAULT mode.
2024-02-16T13:59:51.135+01:00  INFO 15724 --- [restartedMain] .s.d.r.c.RepositoryConfigurationDelegate : Finished Spring Data repository scanning in 13 ms. Found 2 JPA repository interfaces.
2024-02-16T13:59:51.244+01:00  INFO 15724 --- [restartedMain] o.s.b.w.embedded.tomcat.TomcatWebServer  : Tomcat initialized with port 8080 (http)
2024-02-16T13:59:51.245+01:00  INFO 15724 --- [restartedMain] o.apache.catalina.core.StandardService   : Starting service [Tomcat]
2024-02-16T13:59:51.245+01:00  INFO 15724 --- [restartedMain] o.apache.catalina.core.StandardEngine    : Starting Servlet engine: [Apache Tomcat/10.1.18]
2024-02-16T13:59:51.273+01:00  INFO 15724 --- [restartedMain] o.a.c.c.C.[.[localhost].[/ShopmeAdmin]   : Initializing Spring embedded WebApplicationContext
2024-02-16T13:59:51.273+01:00  INFO 15724 --- [restartedMain] w.s.c.ServletWebServerApplicationContext : Root WebApplicationContext: initialization completed in 390 ms
2024-02-16T13:59:51.318+01:00  INFO 15724 --- [restartedMain] o.hibernate.jpa.internal.util.LogHelper  : HHH000204: Processing PersistenceUnitInfo [name: default]
2024-02-16T13:59:51.324+01:00  INFO 15724 --- [restartedMain] o.h.c.internal.RegionFactoryInitiator    : HHH000026: Second-level cache disabled
2024-02-16T13:59:51.329+01:00  INFO 15724 --- [restartedMain] o.s.o.j.p.SpringPersistenceUnitInfo      : No LoadTimeWeaver setup: ignoring JPA class transformer
2024-02-16T13:59:51.331+01:00  INFO 15724 --- [restartedMain] com.zaxxer.hikari.HikariDataSource       : HikariPool-9 - Starting...
2024-02-16T13:59:51.342+01:00  INFO 15724 --- [restartedMain] com.zaxxer.hikari.pool.HikariPool        : HikariPool-9 - Added connection com.mysql.cj.jdbc.ConnectionImpl@76dee18
2024-02-16T13:59:51.342+01:00  INFO 15724 --- [restartedMain] com.zaxxer.hikari.HikariDataSource       : HikariPool-9 - Start completed.
2024-02-16T13:59:51.385+01:00  INFO 15724 --- [restartedMain] o.h.e.t.j.p.i.JtaPlatformInitiator       : HHH000489: No JTA platform available (set 'hibernate.transaction.jta.platform' to enable JTA platform integration)
2024-02-16T13:59:51.401+01:00  INFO 15724 --- [restartedMain] j.LocalContainerEntityManagerFactoryBean : Initialized JPA EntityManagerFactory for persistence unit 'default'
2024-02-16T13:59:51.501+01:00  WARN 15724 --- [restartedMain] JpaBaseConfiguration$JpaWebConfiguration : spring.jpa.open-in-view is enabled by default. Therefore, database queries may be performed during view rendering. Explicitly configure spring.jpa.open-in-view to disable this warning
2024-02-16T13:59:51.516+01:00  INFO 15724 --- [restartedMain] o.s.b.a.w.s.WelcomePageHandlerMapping    : Adding welcome page template: index
2024-02-16T13:59:51.758+01:00  INFO 15724 --- [restartedMain] o.s.s.web.DefaultSecurityFilterChain     : Will secure any request with [org.springframework.security.web.session.DisableEncodeUrlFilter@6fd5931e, org.springframework.security.web.context.request.async.WebAsyncManagerIntegrationFilter@7be111fb, org.springframework.security.web.context.SecurityContextHolderFilter@18380ad8, org.springframework.security.web.header.HeaderWriterFilter@9f03c2f, org.springframework.web.filter.CorsFilter@34f97b5a, org.springframework.security.web.csrf.CsrfFilter@592c8ca7, org.springframework.security.web.authentication.logout.LogoutFilter@52107353, org.springframework.security.web.authentication.UsernamePasswordAuthenticationFilter@6d045a7f, org.springframework.security.web.savedrequest.RequestCacheAwareFilter@25cce4cc, org.springframework.security.web.servletapi.SecurityContextHolderAwareRequestFilter@23f8329, org.springframework.security.web.authentication.rememberme.RememberMeAuthenticationFilter@ab1f9fd, org.springframework.security.web.authentication.AnonymousAuthenticationFilter@31821229, org.springframework.security.web.access.ExceptionTranslationFilter@78abefeb, org.springframework.security.web.access.intercept.FilterSecurityInterceptor@79ddbfa0]
2024-02-16T13:59:51.760+01:00  WARN 15724 --- [restartedMain] o.s.s.c.a.web.builders.WebSecurity       : You are asking Spring Security to ignore Mvc [pattern='/images/**']. This is not recommended -- please use permitAll via HttpSecurity#authorizeHttpRequests instead.
2024-02-16T13:59:51.760+01:00  INFO 15724 --- [restartedMain] o.s.s.web.DefaultSecurityFilterChain     : Will not secure Mvc [pattern='/images/**']
2024-02-16T13:59:51.760+01:00  WARN 15724 --- [restartedMain] o.s.s.c.a.web.builders.WebSecurity       : You are asking Spring Security to ignore Mvc [pattern='/js/**']. This is not recommended -- please use permitAll via HttpSecurity#authorizeHttpRequests instead.
2024-02-16T13:59:51.760+01:00  INFO 15724 --- [restartedMain] o.s.s.web.DefaultSecurityFilterChain     : Will not secure Mvc [pattern='/js/**']
2024-02-16T13:59:51.760+01:00  WARN 15724 --- [restartedMain] o.s.s.c.a.web.builders.WebSecurity       : You are asking Spring Security to ignore Mvc [pattern='/webjars/**']. This is not recommended -- please use permitAll via HttpSecurity#authorizeHttpRequests instead.
2024-02-16T13:59:51.760+01:00  INFO 15724 --- [restartedMain] o.s.s.web.DefaultSecurityFilterChain     : Will not secure Mvc [pattern='/webjars/**']
2024-02-16T13:59:51.815+01:00  INFO 15724 --- [restartedMain] o.s.b.d.a.OptionalLiveReloadServer       : LiveReload server is running on port 35729
2024-02-16T13:59:51.826+01:00  INFO 15724 --- [restartedMain] o.s.b.w.embedded.tomcat.TomcatWebServer  : Tomcat started on port 8080 (http) with context path '/ShopmeAdmin'
2024-02-16T13:59:51.834+01:00  INFO 15724 --- [restartedMain] c.shopme.admin.ShopmeBackEndApplication  : Started ShopmeBackEndApplication in 0.986 seconds (process running for 1111.991)
2024-02-16T13:59:51.835+01:00  INFO 15724 --- [restartedMain] .ConditionEvaluationDeltaLoggingListener : Condition evaluation unchanged
2024-02-16T14:27:18.894+01:00  INFO 15724 --- [File Watcher] rtingClassPathChangeChangedEventListener : Restarting due to 2 class path changes (0 additions, 1 deletion, 1 modification)
2024-02-16T14:27:18.906+01:00  INFO 15724 --- [Thread-35] j.LocalContainerEntityManagerFactoryBean : Closing JPA EntityManagerFactory for persistence unit 'default'
2024-02-16T14:27:18.906+01:00  INFO 15724 --- [Thread-35] com.zaxxer.hikari.HikariDataSource       : HikariPool-9 - Shutdown initiated...
2024-02-16T14:27:18.910+01:00  INFO 15724 --- [Thread-35] com.zaxxer.hikari.HikariDataSource       : HikariPool-9 - Shutdown completed.
